TN:
SF:src/index.ts
FN:31,(anonymous_0)
FN:86,(anonymous_1)
FN:127,(anonymous_2)
FN:156,(anonymous_3)
FN:167,(anonymous_4)
FN:187,(anonymous_5)
FNF:6
FNH:6
FNDA:13,(anonymous_0)
FNDA:24,(anonymous_1)
FNDA:34,(anonymous_2)
FNDA:4,(anonymous_3)
FNDA:6,(anonymous_4)
FNDA:6,(anonymous_5)
DA:23,2
DA:25,2
DA:29,2
DA:32,13
DA:34,13
DA:35,3
DA:39,10
DA:40,10
DA:41,10
DA:42,10
DA:43,10
DA:44,10
DA:46,10
DA:47,10
DA:55,8
DA:57,8
DA:58,3
DA:70,3
DA:73,5
DA:75,8
DA:76,8
DA:77,6
DA:79,2
DA:84,2
DA:87,24
DA:89,24
DA:90,1
DA:93,23
DA:96,23
DA:97,3
DA:101,20
DA:102,20
DA:104,20
DA:105,2
DA:109,2
DA:113,18
DA:120,18
DA:127,18
DA:128,34
DA:129,34
DA:131,34
DA:132,34
DA:143,24
DA:145,23
DA:146,14
DA:154,14
DA:155,4
DA:156,4
DA:157,4
DA:161,10
DA:162,8
DA:163,8
DA:165,8
DA:166,6
DA:167,6
DA:168,6
DA:172,4
DA:175,9
DA:180,9
DA:182,15
DA:185,15
DA:186,6
DA:187,6
DA:188,6
DA:191,9
DA:196,18
DA:198,9
DA:205,15
DA:207,15
DA:208,10
DA:211,5
LF:71
LH:71
BRDA:34,0,0,3
BRDA:34,1,0,13
BRDA:34,1,1,12
BRDA:41,2,0,10
BRDA:41,2,1,1
BRDA:42,3,0,10
BRDA:42,3,1,1
BRDA:43,4,0,10
BRDA:43,4,1,1
BRDA:57,5,0,3
BRDA:65,6,0,3
BRDA:65,6,1,0
BRDA:76,7,0,6
BRDA:89,8,0,1
BRDA:96,9,0,3
BRDA:104,10,0,2
BRDA:104,11,0,20
BRDA:104,11,1,19
BRDA:115,12,0,18
BRDA:115,12,1,16
BRDA:116,13,0,18
BRDA:116,13,1,17
BRDA:117,14,0,18
BRDA:117,14,1,17
BRDA:127,15,0,18
BRDA:145,16,0,14
BRDA:154,17,0,4
BRDA:154,18,0,14
BRDA:154,18,1,5
BRDA:161,19,0,8
BRDA:163,20,0,4
BRDA:163,20,1,4
BRDA:165,21,0,6
BRDA:177,22,0,9
BRDA:177,22,1,1
BRDA:185,23,0,6
BRDA:185,24,0,15
BRDA:185,24,1,10
BRDA:185,24,2,10
BRDA:185,24,3,7
BRDA:200,25,0,9
BRDA:200,25,1,1
BRDA:207,26,0,10
BRF:43
BRH:42
end_of_record
